2017-07-11T18:35:23.697-0400 I CONTROL  [initandlisten] MongoDB starting : pid=4055 port=27017 dbpath=/data/db 64-bit host=Pariss-iMac.local
2017-07-11T18:35:23.697-0400 I CONTROL  [initandlisten] db version v3.2.9
2017-07-11T18:35:23.697-0400 I CONTROL  [initandlisten] git version: 22ec9e93b40c85fc7cae7d56e7d6a02fd811088c
2017-07-11T18:35:23.697-0400 I CONTROL  [initandlisten] allocator: system
2017-07-11T18:35:23.697-0400 I CONTROL  [initandlisten] modules: none
2017-07-11T18:35:23.697-0400 I CONTROL  [initandlisten] build environment:
2017-07-11T18:35:23.697-0400 I CONTROL  [initandlisten]     distarch: x86_64
2017-07-11T18:35:23.697-0400 I CONTROL  [initandlisten]     target_arch: x86_64
2017-07-11T18:35:23.697-0400 I CONTROL  [initandlisten] options: { processManagement: { fork: true }, systemLog: { destination: "file", path: "logs/mongo.log" } }
2017-07-11T18:35:23.763-0400 I -        [initandlisten] Detected data files in /data/db created by the 'wiredTiger' storage engine, so setting the active storage engine to 'wiredTiger'.
2017-07-11T18:35:23.763-0400 W -        [initandlisten] Detected unclean shutdown - /data/db/mongod.lock is not empty.
2017-07-11T18:35:23.763-0400 W STORAGE  [initandlisten] Recovering data from the last clean checkpoint.
2017-07-11T18:35:23.763-0400 I STORAGE  [initandlisten] wiredtiger_open config: create,cache_size=4G,session_max=20000,eviction=(threads_max=4),config_base=false,statistics=(fast),log=(enabled=true,archive=true,path=journal,compressor=snappy),file_manager=(close_idle_time=100000),checkpoint=(wait=60,log_size=2GB),statistics_log=(wait=0),
2017-07-11T18:35:29.687-0400 I FTDC     [initandlisten] Initializing full-time diagnostic data capture with directory '/data/db/diagnostic.data'
2017-07-11T18:35:29.687-0400 I NETWORK  [HostnameCanonicalizationWorker] Starting hostname canonicalization worker
2017-07-11T18:35:29.749-0400 I NETWORK  [initandlisten] waiting for connections on port 27017
2017-07-11T18:35:30.190-0400 I FTDC     [ftdc] Unclean full-time diagnostic data capture shutdown detected, found interim file, some metrics may have been lost. OK
2017-07-11T18:35:31.391-0400 I NETWORK  [initandlisten] connection accepted from 127.0.0.1:61723 #1 (1 connection now open)
2017-07-11T18:35:32.046-0400 I INDEX    [conn1] build index on: housekeeping.items properties: { v: 1, unique: true, key: { log.date: 1 }, name: "log.date_1", ns: "housekeeping.items", background: true }
2017-07-11T18:35:32.086-0400 I COMMAND  [conn1] command housekeeping.$cmd command: createIndexes { createIndexes: "items", indexes: [ { name: "log.date_1", key: { log.date: 1 }, unique: true, background: true } ], writeConcern: { w: 1 } } keyUpdates:0 writeConflicts:0 exception: E11000 duplicate key error collection: housekeeping.items index: log.date_1 dup key: { : "2016-12-07" } code:11000 numYields:0 reslen:163 locks:{ Global: { acquireCount: { r: 1, w: 1 } }, Database: { acquireCount: { w: 1, W: 2 } }, Collection: { acquireCount: { w: 1 } }, Metadata: { acquireCount: { W: 1 } } } protocol:op_query 556ms
2017-07-11T18:35:34.693-0400 W NETWORK  [HostnameCanonicalizationWorker] Failed to obtain address information for hostname Pariss-iMac.local: nodename nor servname provided, or not known
2017-07-11T18:38:11.809-0400 I NETWORK  [conn1] end connection 127.0.0.1:61723 (0 connections now open)
2017-07-11T18:38:12.732-0400 I NETWORK  [initandlisten] connection accepted from 127.0.0.1:62114 #2 (1 connection now open)
2017-07-11T18:38:13.382-0400 I INDEX    [conn2] build index on: housekeeping.items properties: { v: 1, unique: true, key: { log.date: 1 }, name: "log.date_1", ns: "housekeeping.items", background: true }
2017-07-11T18:38:13.382-0400 I COMMAND  [conn2] command housekeeping.$cmd command: createIndexes { createIndexes: "items", indexes: [ { name: "log.date_1", key: { log.date: 1 }, unique: true, background: true } ], writeConcern: { w: 1 } } keyUpdates:0 writeConflicts:0 exception: E11000 duplicate key error collection: housekeeping.items index: log.date_1 dup key: { : "2016-12-07" } code:11000 numYields:0 reslen:163 locks:{ Global: { acquireCount: { r: 1, w: 1 } }, Database: { acquireCount: { w: 1, W: 2 } }, Collection: { acquireCount: { w: 1 } }, Metadata: { acquireCount: { W: 1 } } } protocol:op_query 615ms
2017-07-11T21:32:44.129-0400 I NETWORK  [conn2] end connection 127.0.0.1:62114 (0 connections now open)
2017-07-11T21:32:46.185-0400 I NETWORK  [initandlisten] connection accepted from 127.0.0.1:59210 #3 (1 connection now open)
2017-07-11T21:32:47.119-0400 I INDEX    [conn3] build index on: housekeeping.items properties: { v: 1, unique: true, key: { log.date: 1 }, name: "log.date_1", ns: "housekeeping.items", background: true }
2017-07-11T21:32:47.119-0400 I COMMAND  [conn3] command housekeeping.$cmd command: createIndexes { createIndexes: "items", indexes: [ { name: "log.date_1", key: { log.date: 1 }, unique: true, background: true } ], writeConcern: { w: 1 } } keyUpdates:0 writeConflicts:0 exception: E11000 duplicate key error collection: housekeeping.items index: log.date_1 dup key: { : "2016-12-07" } code:11000 numYields:0 reslen:163 locks:{ Global: { acquireCount: { r: 1, w: 1 } }, Database: { acquireCount: { w: 1, W: 2 } }, Collection: { acquireCount: { w: 1 } }, Metadata: { acquireCount: { W: 1 } } } protocol:op_query 900ms
